<?xml version="1.0" encoding="UTF-8"?>
<testng-results skipped="0" failed="0" ignored="0" total="1" passed="1">
  <reporter-output>
  </reporter-output>
  <suite name="Default suite" duration-ms="10430" started-at="2020-09-20T17:41:44Z" finished-at="2020-09-20T17:41:54Z">
    <groups>
    </groups>
    <test name="Default test" duration-ms="10430" started-at="2020-09-20T17:41:44Z" finished-at="2020-09-20T17:41:54Z">
      <class name="com.w2a.testcases.LoginTest">
        <test-method status="PASS" signature="startTest()[pri:0, instance:com.w2a.testcases.LoginTest@49fd9b]" name="startTest" is-config="true" duration-ms="149" started-at="2020-09-20T17:41:44Z" finished-at="2020-09-20T17:41:44Z">
          <reporter-output>
          </reporter-output>
        </test-method> <!-- startTest -->
        <test-method status="PASS" signature="setUp()[pri:0, instance:com.w2a.testcases.LoginTest@49fd9b]" name="setUp" is-config="true" duration-ms="7625" started-at="2020-09-20T17:41:44Z" finished-at="2020-09-20T17:41:52Z">
          <reporter-output>
          </reporter-output>
        </test-method> <!-- setUp -->
        <test-method status="PASS" signature="readTestDataAll()[pri:0, instance:com.w2a.testcases.LoginTest@49fd9b]" name="readTestDataAll" duration-ms="2441" started-at="2020-09-20T17:41:52Z" finished-at="2020-09-20T17:41:54Z">
          <reporter-output>
          </reporter-output>
        </test-method> <!-- readTestDataAll -->
        <test-method status="PASS" signature="testClose()[pri:0, instance:com.w2a.testcases.LoginTest@49fd9b]" name="testClose" is-config="true" duration-ms="21" started-at="2020-09-20T17:41:54Z" finished-at="2020-09-20T17:41:54Z">
          <reporter-output>
          </reporter-output>
        </test-method> <!-- testClose -->
      </class> <!-- com.w2a.testcases.LoginTest -->
    </test> <!-- Default test -->
  </suite> <!-- Default suite -->
</testng-results>
